[2024-09-03 16:24:51]-->[INFO]-->[]
[2024-09-03 16:26:52]-->[INFO]-->[]
[2024-09-03 16:27:05]-->[INFO]-->[]
[2024-09-03 16:29:17]-->[INFO]-->[]
[2024-09-03 16:29:22]-->[INFO]-->[]
[2024-09-03 16:29:35]-->[INFO]-->[]
[2024-09-03 16:30:33]-->[INFO]-->[]
[2024-09-03 16:30:41]-->[INFO]-->[]
[2024-09-03 16:35:50]-->[INFO]-->[]
[2024-09-03 16:36:09]-->[INFO]-->[]
[2024-09-03 16:36:41]-->[INFO]-->[]
[2024-09-03 16:37:50]-->[INFO]-->[]
[2024-09-03 17:02:11]-->[INFO]-->[]
[2024-09-03 17:04:31]-->[INFO]-->[]
[2024-09-03 17:05:12]-->[INFO]-->[]
[2024-09-03 17:07:21]-->[INFO]-->[]
[2024-09-03 17:07:49]-->[INFO]-->[]
[2024-09-03 17:07:56]-->[INFO]-->[]
[2024-09-04 04:50:38]-->[INFO]-->[]
[2024-09-04 04:51:19]-->[INFO]-->[]
[2024-09-04 04:52:31]-->[INFO]-->[]
[2024-09-04 13:21:36]-->[INFO]-->[]
[2024-09-04 13:21:56]-->[INFO]-->[]
[2024-09-04 13:22:00]-->[INFO]-->[]
[2024-09-04 13:22:20]-->[INFO]-->[]
[2024-09-04 13:22:23]-->[INFO]-->[]
[2024-09-04 13:22:54]-->[INFO]-->[]
[2024-09-04 13:22:57]-->[INFO]-->[]
[2024-09-04 14:11:59]-->[INFO]-->[]
[2024-09-04 14:12:07]-->[INFO]-->[]
[2024-09-04 14:12:16]-->[INFO]-->[]
[2024-09-07 11:56:39]-->[INFO]-->[]
[2024-09-08 14:03:57]-->[INFO]-->[]
[2024-09-08 14:04:22]-->[INFO]-->[]
[2024-09-08 14:04:33]-->[INFO]-->[]
[2024-09-08 14:05:25]-->[INFO]-->[]
[2024-09-08 14:05:26]-->[INFO]-->[]
[2024-09-08 14:05:27]-->[INFO]-->[]
[2024-09-08 14:05:28]-->[INFO]-->[]
[2024-09-08 14:05:37]-->[INFO]-->[]
[2024-09-08 14:09:57]-->[INFO]-->[]
[2024-09-08 14:10:05]-->[INFO]-->[]
[2024-09-08 14:10:46]-->[INFO]-->[]
[2024-09-10 18:40:36]-->[INFO]-->[]
[2024-09-10 18:41:19]-->[INFO]-->[]
[2024-09-10 18:41:57]-->[INFO]-->[]
[2024-09-10 18:42:19]-->[INFO]-->[]
[2024-09-10 18:42:20]-->[INFO]-->[]
[2024-09-10 18:42:21]-->[INFO]-->[]
[2024-09-10 18:42:28]-->[INFO]-->[]
[2024-09-10 18:42:28]-->[INFO]-->[]
[2024-09-10 19:35:45]-->[INFO]-->[]
[2024-09-10 19:36:02]-->[INFO]-->[]
[2024-09-10 19:36:15]-->[INFO]-->[]
[2024-09-10 20:52:26]-->[INFO]-->[]
[2024-09-10 20:52:53]-->[INFO]-->[]
[2024-09-10 20:54:12]-->[INFO]-->[]
[2024-09-10 20:54:22]-->[INFO]-->[]
[2024-09-10 20:54:35]-->[INFO]-->[]
[2024-09-10 20:58:20]-->[INFO]-->[]
[2024-09-10 20:58:35]-->[INFO]-->[]
[2024-09-10 20:59:59]-->[INFO]-->[]
[2024-09-11 05:16:36]-->[INFO]-->[]
[2024-09-11 16:31:39]-->[INFO]-->[]
[2024-09-11 18:56:55]-->[INFO]-->[]
[2024-09-11 19:02:58]-->[INFO]-->[]
[2024-09-11 19:03:44]-->[INFO]-->[]
[2024-09-11 19:08:27]-->[INFO]-->[]
[2024-09-11 19:10:29]-->[INFO]-->[]
[2024-09-11 19:12:11]-->[INFO]-->[]
[2024-09-11 19:12:26]-->[INFO]-->[]
[2024-09-11 19:13:38]-->[INFO]-->[]
[2024-09-11 19:14:27]-->[INFO]-->[]
[2024-09-11 19:15:15]-->[INFO]-->[]
[2024-09-11 19:15:55]-->[INFO]-->[]
[2024-09-11 19:15:56]-->[INFO]-->[]
[2024-09-11 19:17:48]-->[INFO]-->[]
[2024-09-11 19:18:57]-->[INFO]-->[]
[2024-09-11 19:19:44]-->[INFO]-->[]
[2024-09-11 19:21:35]-->[INFO]-->[]
[2024-09-11 19:23:17]-->[INFO]-->[]
[2024-09-11 19:24:41]-->[INFO]-->[]
[2024-09-11 19:31:24]-->[INFO]-->[]
[2024-09-11 19:32:30]-->[INFO]-->[]
[2024-09-11 19:33:58]-->[INFO]-->[]
[2024-09-11 19:35:03]-->[INFO]-->[]
[2024-09-11 19:35:22]-->[INFO]-->[]
[2024-09-11 19:36:39]-->[INFO]-->[]
[2024-09-11 19:38:05]-->[INFO]-->[]
[2024-09-11 19:39:51]-->[INFO]-->[]
[2024-09-11 19:40:36]-->[INFO]-->[]
[2024-09-11 19:43:19]-->[INFO]-->[]
[2024-09-11 19:48:09]-->[INFO]-->[]
[2024-09-11 19:48:56]-->[INFO]-->[]
[2024-09-12 04:43:29]-->[INFO]-->[]
[2024-09-12 04:45:31]-->[INFO]-->[]
[2024-09-12 04:45:35]-->[INFO]-->[]
[2024-09-12 04:59:48]-->[INFO]-->[]
[2024-09-12 18:58:00]-->[INFO]-->[]
[2024-09-12 20:18:17]-->[INFO]-->[]
[2024-09-12 20:29:03]-->[INFO]-->[]
[2024-09-13 04:43:14]-->[INFO]-->[]
[2024-09-13 12:16:02]-->[INFO]-->[]
[2024-09-13 16:04:15]-->[INFO]-->[]
[2024-09-13 16:04:58]-->[INFO]-->[]
[2024-09-13 16:05:36]-->[INFO]-->[]
[2024-09-14 08:25:31]-->[INFO]-->[]
[2024-09-14 10:28:03]-->[INFO]-->[]
[2024-09-14 10:28:08]-->[INFO]-->[]
[2024-09-14 11:55:27]-->[INFO]-->[]
[2024-09-14 12:23:05]-->[INFO]-->[]
[2024-09-14 12:23:21]-->[INFO]-->[]
[2024-09-14 12:24:17]-->[INFO]-->[]
[2024-09-14 12:24:52]-->[INFO]-->[]
[2024-09-14 16:34:41]-->[INFO]-->[]
[2024-09-14 16:35:23]-->[INFO]-->[]
[2024-09-14 16:36:09]-->[INFO]-->[]
[2024-09-14 16:38:41]-->[INFO]-->[]
[2024-09-15 09:52:25]-->[INFO]-->[]
[2024-09-15 10:43:44]-->[INFO]-->[]
[2024-09-15 10:43:51]-->[INFO]-->[]
[2024-09-15 10:43:58]-->[INFO]-->[]
[2024-09-15 10:56:18]-->[INFO]-->[]
[2024-09-15 11:24:54]-->[INFO]-->[]
[2024-09-15 11:25:40]-->[INFO]-->[]
[2024-09-15 11:26:46]-->[INFO]-->[]
[2024-09-15 11:40:13]-->[INFO]-->[]
[2024-09-15 11:41:35]-->[INFO]-->[]
[2024-09-15 11:44:37]-->[INFO]-->[]
[2024-09-15 11:46:30]-->[INFO]-->[]
[2024-09-15 11:48:05]-->[INFO]-->[]
[2024-09-15 11:48:36]-->[INFO]-->[]
[2024-09-15 11:49:25]-->[INFO]-->[]
[2024-09-15 11:54:33]-->[INFO]-->[]
[2024-09-15 11:59:42]-->[INFO]-->[]
[2024-09-15 11:59:43]-->[INFO]-->[]
[2024-09-15 11:59:44]-->[INFO]-->[]
[2024-09-15 12:07:20]-->[INFO]-->[]
[2024-09-15 12:08:40]-->[INFO]-->[]
[2024-09-15 12:08:53]-->[INFO]-->[]
[2024-09-15 12:12:35]-->[INFO]-->[]
[2024-09-15 12:14:03]-->[INFO]-->[]
[2024-09-15 15:28:43]-->[INFO]-->[]
[2024-09-15 15:28:53]-->[INFO]-->[]
[2024-09-15 18:35:33]-->[INFO]-->[]
[2024-09-15 18:35:37]-->[INFO]-->[]
[2024-09-15 18:36:01]-->[INFO]-->[]
[2024-09-15 18:36:11]-->[INFO]-->[]
[2024-09-15 18:36:38]-->[INFO]-->[]
[2024-09-15 18:36:39]-->[INFO]-->[]
[2024-09-15 18:36:39]-->[INFO]-->[]
[2024-09-15 18:36:44]-->[INFO]-->[]
[2024-09-15 18:42:23]-->[INFO]-->[]
[2024-09-15 18:48:20]-->[INFO]-->[]
[2024-09-15 18:48:22]-->[INFO]-->[]
[2024-09-20 05:02:11]-->[INFO]-->[]
[2024-09-20 05:09:14]-->[INFO]-->[]
[2024-09-20 05:15:38]-->[INFO]-->[]
[2024-09-20 05:15:42]-->[INFO]-->[]
[2024-09-21 07:18:59]-->[INFO]-->[]
[2024-09-22 14:46:16]-->[INFO]-->[]
[2024-09-22 14:47:39]-->[INFO]-->[]
[2024-09-22 14:47:57]-->[INFO]-->[]
[2024-09-22 14:48:40]-->[INFO]-->[]
[2024-09-22 14:49:54]-->[INFO]-->[]
[2024-09-22 14:53:05]-->[INFO]-->[]
[2024-09-22 14:53:23]-->[INFO]-->[]
[2024-09-22 14:55:45]-->[INFO]-->[]
[2024-09-22 15:01:34]-->[INFO]-->[]
[2024-09-22 15:01:40]-->[INFO]-->[]
[2024-09-22 15:04:34]-->[INFO]-->[]
[2024-09-22 16:56:26]-->[INFO]-->[]
[2024-09-22 16:56:40]-->[INFO]-->[]
[2024-09-22 19:52:24]-->[INFO]-->[]
[2024-09-22 19:52:41]-->[INFO]-->[]
[2024-09-25 05:03:08]-->[INFO]-->[]
[2024-09-25 05:03:47]-->[INFO]-->[]
[2024-09-25 05:05:06]-->[INFO]-->[]
[2024-09-25 18:12:07]-->[INFO]-->[]
[2024-09-25 18:12:32]-->[INFO]-->[]
[2024-09-25 19:02:00]-->[INFO]-->[]
[2024-09-26 16:25:31]-->[INFO]-->[]
[2024-09-27 12:12:54]-->[INFO]-->[]
[2024-09-27 12:13:32]-->[INFO]-->[]
[2024-09-27 12:13:38]-->[INFO]-->[]
[2024-09-27 12:20:25]-->[INFO]-->[]
[2024-09-27 12:33:39]-->[INFO]-->[]
[2024-09-27 12:34:11]-->[INFO]-->[]
[2024-09-27 12:34:36]-->[INFO]-->[]
[2024-09-27 12:37:11]-->[INFO]-->[]
[2024-09-27 12:40:33]-->[INFO]-->[]
[2024-09-27 12:42:11]-->[INFO]-->[]
[2024-09-27 12:43:44]-->[INFO]-->[]
[2024-09-28 08:55:38]-->[INFO]-->[]
[2024-09-29 12:02:59]-->[INFO]-->[]
[2024-09-29 12:03:38]-->[INFO]-->[]
[2024-09-29 12:24:05]-->[INFO]-->[]
[2024-09-29 12:24:09]-->[INFO]-->[]
[2024-09-29 12:24:15]-->[INFO]-->[]
[2024-09-29 12:31:02]-->[INFO]-->[]
[2024-09-29 12:31:36]-->[INFO]-->[]
[2024-09-29 15:25:18]-->[INFO]-->[]
[2024-09-29 15:49:47]-->[INFO]-->[]
[2024-09-30 19:21:11]-->[INFO]-->[]
[2024-09-30 19:22:12]-->[INFO]-->[]
[2024-09-30 20:57:25]-->[INFO]-->[]
[2024-10-03 11:17:08]-->[INFO]-->[]
[2024-10-03 11:17:49]-->[INFO]-->[]
[2024-10-03 17:11:05]-->[INFO]-->[]
[2024-10-03 17:14:04]-->[INFO]-->[]
[2024-10-03 17:45:58]-->[INFO]-->[]
[2024-10-03 17:59:25]-->[INFO]-->[]
[2024-10-03 18:53:43]-->[INFO]-->[]
[2024-10-03 18:53:48]-->[INFO]-->[]
[2024-10-03 18:57:54]-->[INFO]-->[]
[2024-10-03 18:58:51]-->[INFO]-->[]
[2024-10-03 18:58:54]-->[INFO]-->[]
[2024-10-03 19:00:16]-->[INFO]-->[]
[2024-10-03 19:02:07]-->[INFO]-->[]
[2024-10-03 19:04:27]-->[INFO]-->[]
[2024-10-03 19:05:30]-->[INFO]-->[]
[2024-10-03 19:05:31]-->[INFO]-->[]
[2024-10-03 19:05:49]-->[INFO]-->[]
[2024-10-03 19:07:42]-->[INFO]-->[]
[2024-10-03 19:09:43]-->[INFO]-->[]
[2024-10-03 19:10:14]-->[INFO]-->[]
[2024-10-03 19:10:15]-->[INFO]-->[]
[2024-10-04 10:33:51]-->[INFO]-->[]
[2024-10-05 08:39:16]-->[INFO]-->[]
[2024-10-05 08:39:30]-->[INFO]-->[]
[2024-10-06 15:38:33]-->[INFO]-->[]
[2024-10-06 15:38:44]-->[INFO]-->[]
[2024-10-06 15:38:53]-->[INFO]-->[]
[2024-10-06 18:11:06]-->[INFO]-->[]
[2024-10-07 14:02:22]-->[INFO]-->[]
[2024-10-07 14:04:41]-->[INFO]-->[]
[2024-10-07 14:05:05]-->[INFO]-->[]
[2024-10-07 14:31:20]-->[INFO]-->[]
[2024-10-07 14:31:28]-->[INFO]-->[]
[2024-10-07 14:32:42]-->[INFO]-->[]
[2024-10-07 14:32:47]-->[INFO]-->[]
[2024-10-07 14:32:53]-->[INFO]-->[]
[2024-10-07 14:33:03]-->[INFO]-->[]
[2024-10-07 14:53:43]-->[INFO]-->[]
[2024-10-08 17:53:51]-->[INFO]-->[]
[2024-10-08 17:54:01]-->[INFO]-->[]
[2024-10-08 17:54:20]-->[INFO]-->[]
[2024-10-08 17:56:48]-->[INFO]-->[]
[2024-10-08 17:57:20]-->[INFO]-->[]
[2024-10-08 17:59:32]-->[INFO]-->[]
[2024-10-08 18:09:01]-->[INFO]-->[]
[2024-10-08 18:09:04]-->[INFO]-->[]
[2024-10-08 18:10:27]-->[INFO]-->[]
[2024-10-08 18:10:59]-->[INFO]-->[]
[2024-10-08 18:12:15]-->[INFO]-->[]
[2024-10-08 18:16:33]-->[INFO]-->[]
[2024-10-08 18:18:17]-->[INFO]-->[]
[2024-10-08 18:19:32]-->[INFO]-->[]
[2024-10-08 18:19:40]-->[INFO]-->[]
[2024-10-08 18:20:45]-->[INFO]-->[]
[2024-10-08 18:22:12]-->[INFO]-->[]
[2024-10-08 18:22:29]-->[INFO]-->[]
[2024-10-08 18:22:45]-->[INFO]-->[]
[2024-10-08 18:22:58]-->[INFO]-->[]
[2024-10-08 18:24:59]-->[INFO]-->[]
[2024-10-08 18:25:39]-->[INFO]-->[]
[2024-10-08 18:26:04]-->[INFO]-->[]
[2024-10-08 18:26:18]-->[INFO]-->[]
[2024-10-08 18:30:50]-->[INFO]-->[]
[2024-10-08 18:31:54]-->[INFO]-->[]
[2024-10-08 18:32:19]-->[INFO]-->[]
[2024-10-08 18:32:31]-->[INFO]-->[]
[2024-10-08 18:34:23]-->[INFO]-->[]
[2024-10-08 18:34:29]-->[INFO]-->[]
[2024-10-08 18:34:31]-->[INFO]-->[]
[2024-10-08 18:34:34]-->[INFO]-->[]
[2024-10-08 18:39:53]-->[INFO]-->[]
[2024-10-08 18:39:56]-->[INFO]-->[]
[2024-10-08 18:41:19]-->[INFO]-->[]
[2024-10-08 18:47:28]-->[INFO]-->[]
[2024-10-08 18:47:48]-->[INFO]-->[]
[2024-10-08 18:48:05]-->[INFO]-->[]
[2024-10-08 18:48:25]-->[INFO]-->[]
[2024-10-08 18:48:36]-->[INFO]-->[]
[2024-10-08 18:48:48]-->[INFO]-->[]
[2024-10-08 18:49:28]-->[INFO]-->[]
[2024-10-08 18:49:29]-->[INFO]-->[]
[2024-10-08 18:49:49]-->[INFO]-->[]
[2024-10-08 18:52:37]-->[INFO]-->[]
[2024-10-08 18:53:26]-->[INFO]-->[]
[2024-10-08 18:55:24]-->[INFO]-->[]
[2024-10-08 18:55:42]-->[INFO]-->[]
[2024-10-08 18:55:53]-->[INFO]-->[]
[2024-10-08 19:05:14]-->[INFO]-->[]
[2024-10-08 19:06:14]-->[INFO]-->[]
[2024-10-08 19:06:39]-->[INFO]-->[]
[2024-10-08 19:07:01]-->[INFO]-->[]
[2024-10-08 19:09:02]-->[INFO]-->[]
[2024-10-08 19:09:29]-->[INFO]-->[]
[2024-10-08 19:09:56]-->[INFO]-->[]
[2024-10-08 19:10:12]-->[INFO]-->[]
[2024-10-08 19:12:13]-->[INFO]-->[]
[2024-10-08 19:12:28]-->[INFO]-->[]
[2024-10-08 19:12:46]-->[INFO]-->[]
[2024-10-08 19:13:27]-->[INFO]-->[]
[2024-10-08 19:14:10]-->[INFO]-->[]
[2024-10-08 19:16:14]-->[INFO]-->[]
[2024-10-08 19:17:47]-->[INFO]-->[]
[2024-10-08 19:18:01]-->[INFO]-->[]
[2024-10-08 19:18:09]-->[INFO]-->[]
[2024-10-08 19:18:25]-->[INFO]-->[]
[2024-10-08 19:18:42]-->[INFO]-->[]
[2024-10-08 19:20:55]-->[INFO]-->[]
[2024-10-08 19:21:16]-->[INFO]-->[]
[2024-10-08 19:22:17]-->[INFO]-->[]
[2024-10-08 19:22:49]-->[INFO]-->[]
[2024-10-08 19:26:32]-->[INFO]-->[]
[2024-10-08 19:26:43]-->[INFO]-->[]
[2024-10-08 19:26:57]-->[INFO]-->[]
[2024-10-08 19:27:20]-->[INFO]-->[]
[2024-10-08 19:29:49]-->[INFO]-->[]
[2024-10-08 19:29:53]-->[INFO]-->[]
[2024-10-08 19:29:59]-->[INFO]-->[]
[2024-10-08 19:32:05]-->[INFO]-->[]
[2024-10-08 19:32:10]-->[INFO]-->[]
[2024-10-08 19:32:32]-->[INFO]-->[]
[2024-10-08 19:32:45]-->[INFO]-->[]
[2024-10-08 19:33:01]-->[INFO]-->[]
[2024-10-08 19:48:56]-->[INFO]-->[]
[2024-10-08 19:49:05]-->[INFO]-->[]
[2024-10-08 19:49:10]-->[INFO]-->[]
[2024-10-08 19:50:09]-->[INFO]-->[]
[2024-10-08 19:50:14]-->[INFO]-->[]
[2024-10-08 19:50:41]-->[INFO]-->[]
[2024-10-08 19:51:16]-->[INFO]-->[]
[2024-10-08 19:51:47]-->[INFO]-->[]
[2024-10-08 19:57:06]-->[INFO]-->[]
[2024-10-08 19:58:15]-->[INFO]-->[]
[2024-10-08 19:58:36]-->[INFO]-->[]
[2024-10-08 19:58:44]-->[INFO]-->[]
[2024-10-08 19:59:21]-->[INFO]-->[]
[2024-10-08 20:00:22]-->[INFO]-->[]
[2024-10-08 20:00:25]-->[INFO]-->[]
[2024-10-08 20:00:30]-->[INFO]-->[]
[2024-10-08 20:00:33]-->[INFO]-->[]
[2024-10-08 20:01:10]-->[INFO]-->[]
[2024-10-08 20:01:15]-->[INFO]-->[]
[2024-10-08 20:01:38]-->[INFO]-->[]
[2024-10-08 20:03:28]-->[INFO]-->[]
[2024-10-08 20:04:21]-->[INFO]-->[]
[2024-10-08 20:04:23]-->[INFO]-->[]
[2024-10-08 20:06:21]-->[INFO]-->[]
[2024-10-08 20:06:48]-->[INFO]-->[]
[2024-10-08 20:08:41]-->[INFO]-->[]
[2024-10-09 20:18:37]-->[INFO]-->[]
[2024-10-09 20:19:42]-->[INFO]-->[]
[2024-10-09 20:20:35]-->[INFO]-->[]
[2024-10-09 20:21:10]-->[INFO]-->[]
[2024-10-09 20:21:56]-->[INFO]-->[]
[2024-10-09 20:22:00]-->[INFO]-->[]
[2024-10-09 20:22:04]-->[INFO]-->[]
[2024-10-10 02:44:40]-->[INFO]-->[]
[2024-10-10 02:45:00]-->[INFO]-->[]
[2024-10-10 02:45:12]-->[INFO]-->[]
[2024-10-11 04:59:35]-->[INFO]-->[]
[2024-10-11 04:59:37]-->[INFO]-->[]
[2024-10-11 05:00:03]-->[INFO]-->[]
[2024-10-13 16:24:32]-->[INFO]-->[]
[2024-10-13 18:38:41]-->[INFO]-->[]
[2024-10-13 18:38:55]-->[INFO]-->[]
[2024-10-13 18:39:01]-->[INFO]-->[]
[2024-10-13 18:39:07]-->[INFO]-->[]
[2024-10-13 18:39:10]-->[INFO]-->[]
[2024-10-13 18:47:11]-->[INFO]-->[]
[2024-10-13 18:47:37]-->[INFO]-->[]
[2024-10-13 18:48:10]-->[INFO]-->[]
[2024-10-13 19:29:35]-->[INFO]-->[]
[2024-10-14 18:48:21]-->[INFO]-->[]
[2024-10-16 20:45:58]-->[INFO]-->[]
[2024-10-16 20:46:07]-->[INFO]-->[]
[2024-10-16 20:47:00]-->[INFO]-->[]
[2024-10-17 04:53:04]-->[INFO]-->[]
[2024-10-17 04:53:40]-->[INFO]-->[]
[2024-10-19 06:56:17]-->[INFO]-->[]
[2024-10-19 06:57:04]-->[INFO]-->[]
[2024-10-19 06:57:26]-->[INFO]-->[]
[2024-10-19 07:03:03]-->[INFO]-->[]
[2024-10-22 08:24:21]-->[INFO]-->[]
[2024-10-22 08:29:41]-->[INFO]-->[]
[2024-10-22 08:33:38]-->[INFO]-->[]
[2024-10-22 08:33:55]-->[INFO]-->[]
[2024-10-22 08:49:35]-->[INFO]-->[]
[2024-10-22 08:53:45]-->[INFO]-->[]
[2024-10-22 08:54:46]-->[INFO]-->[]
[2024-10-22 08:54:58]-->[INFO]-->[]
[2024-10-22 08:56:51]-->[INFO]-->[]
[2024-10-22 08:58:14]-->[INFO]-->[]
[2024-10-22 08:58:23]-->[INFO]-->[]
[2024-10-22 09:00:29]-->[INFO]-->[]
[2024-10-22 09:04:34]-->[INFO]-->[]
[2024-10-22 09:05:18]-->[INFO]-->[]
[2024-10-22 09:06:26]-->[INFO]-->[]
[2024-10-22 09:06:32]-->[INFO]-->[]
[2024-10-22 09:06:39]-->[INFO]-->[]
[2024-10-22 09:06:48]-->[INFO]-->[]
[2024-10-22 09:08:12]-->[INFO]-->[]
[2024-10-22 09:08:23]-->[INFO]-->[]
[2024-10-22 09:09:21]-->[INFO]-->[]
[2024-10-22 09:09:47]-->[INFO]-->[]
[2024-10-22 09:16:02]-->[INFO]-->[]
[2024-10-22 09:16:17]-->[INFO]-->[]
[2024-10-22 09:21:18]-->[INFO]-->[]
[2024-10-22 09:22:56]-->[INFO]-->[]
[2024-10-22 09:23:11]-->[INFO]-->[]
[2024-10-22 09:23:23]-->[INFO]-->[]
[2024-10-22 10:20:48]-->[INFO]-->[]
[2024-10-22 10:21:08]-->[INFO]-->[]
[2024-10-22 10:21:18]-->[INFO]-->[]
[2024-10-22 10:22:28]-->[INFO]-->[]
[2024-10-22 10:22:43]-->[INFO]-->[]
[2024-10-22 10:23:04]-->[INFO]-->[]
[2024-10-22 10:23:22]-->[INFO]-->[]
[2024-10-22 10:23:36]-->[INFO]-->[]
[2024-10-22 10:24:04]-->[INFO]-->[]
[2024-10-22 10:24:16]-->[INFO]-->[]
[2024-10-22 10:24:22]-->[INFO]-->[]
[2024-10-22 10:26:08]-->[INFO]-->[]
[2024-10-22 10:27:19]-->[INFO]-->[]
[2024-10-22 10:27:19]-->[INFO]-->[Luftdruckmodul => Status: ON]
[2024-10-22 10:27:20]-->[INFO]-->[]
[2024-10-22 10:27:20]-->[INFO]-->[Luftdruckmodul => Status: ON]
[2024-10-22 10:40:28]-->[INFO]-->[]
[2024-10-22 10:40:28]-->[ERROR]-->[Luftdruckmodul => Status: OFF]
[2024-10-22 10:45:03]-->[INFO]-->[]
[2024-10-22 10:45:03]-->[ERROR]-->[Modul Wettervorhersage => Status: OFF]
[2024-10-22 10:45:35]-->[INFO]-->[]
[2024-10-22 10:45:35]-->[INFO]-->[Modul Wettervorhersage => Status: ON]
[2024-10-22 10:47:39]-->[INFO]-->[]
[2024-10-22 10:47:39]-->[INFO]-->[Modul Wettervorhersage => Status: ON]
[2024-10-22 10:50:03]-->[INFO]-->[]
[2024-10-22 10:50:03]-->[INFO]-->[Modul Wettervorhersage => Status: ON]
[2024-10-22 10:50:03]-->[INFO]-->[Modul Wettervorhersage => 40 Zeilen aus Tabelle abgefragt]
[2024-10-22 10:52:14]-->[INFO]-->[]
[2024-10-22 10:52:14]-->[INFO]-->[Modul Wettervorhersage => Status: ON]
[2024-10-22 10:52:14]-->[INFO]-->[Modul Wettervorhersage => 40 Zeilen aus Tabelle abgefragt]
[2024-10-22 10:54:45]-->[INFO]-->[]
[2024-10-22 10:54:45]-->[INFO]-->[Modul Wettervorhersage => Status: ON]
[2024-10-22 10:54:45]-->[INFO]-->[Modul Wettervorhersage => 40 Zeilen aus Tabelle abgefragt]
[2024-10-22 17:55:36]-->[INFO]-->[]
[2024-10-22 17:55:36]-->[INFO]-->[Modul Wettervorhersage => Status: ON]
[2024-10-22 17:55:36]-->[INFO]-->[Modul Wettervorhersage => 40 Zeilen aus Tabelle abgefragt]
[2024-10-22 18:26:52]-->[INFO]-->[]
[2024-10-22 18:26:52]-->[INFO]-->[Modul Wettervorhersage => Status: ON]
[2024-10-22 18:29:06]-->[INFO]-->[]
[2024-10-22 18:29:06]-->[INFO]-->[Modul Wettervorhersage => Status: ON]
[2024-10-22 18:29:09]-->[INFO]-->[]
[2024-10-22 18:29:09]-->[INFO]-->[Modul Wettervorhersage => Status: ON]
[2024-10-22 18:29:58]-->[INFO]-->[]
[2024-10-22 18:29:58]-->[INFO]-->[Modul Wettervorhersage => Status: ON]
[2024-10-22 18:29:59]-->[INFO]-->[]
[2024-10-22 18:29:59]-->[INFO]-->[Modul Wettervorhersage => Status: ON]
[2024-10-22 18:30:32]-->[INFO]-->[]
[2024-10-22 18:30:32]-->[INFO]-->[Modul Wettervorhersage => Status: ON]
[2024-10-22 18:32:21]-->[INFO]-->[]
[2024-10-22 18:32:21]-->[INFO]-->[Modul Wettervorhersage => Status: ON]
[2024-10-22 18:34:46]-->[INFO]-->[]
[2024-10-22 18:34:47]-->[INFO]-->[Modul Wettervorhersage => Status: ON]
[2024-10-22 18:35:57]-->[INFO]-->[]
[2024-10-22 18:35:57]-->[INFO]-->[Modul Wettervorhersage => Status: ON]
[2024-10-22 18:37:52]-->[INFO]-->[]
[2024-10-22 18:37:52]-->[INFO]-->[Modul Wettervorhersage => Status: ON]
[2024-10-22 18:38:29]-->[INFO]-->[]
[2024-10-22 18:38:29]-->[INFO]-->[Modul Wettervorhersage => Status: ON]
[2024-10-22 18:41:37]-->[INFO]-->[]
[2024-10-22 18:43:47]-->[INFO]-->[]
[2024-10-22 18:44:17]-->[INFO]-->[]
[2024-10-22 18:46:58]-->[INFO]-->[]
[2024-10-22 18:47:17]-->[INFO]-->[]
[2024-10-22 18:47:27]-->[INFO]-->[]
[2024-10-22 18:49:09]-->[INFO]-->[]
[2024-10-22 18:51:15]-->[INFO]-->[]
[2024-10-22 18:51:15]-->[INFO]-->[Modul Wettervorhersage => Status: ON]
[2024-10-22 18:51:31]-->[INFO]-->[]
[2024-10-22 18:51:31]-->[INFO]-->[Modul Wettervorhersage => Status: ON]
[2024-10-22 18:53:13]-->[INFO]-->[]
[2024-10-22 18:53:13]-->[INFO]-->[Modul Wettervorhersage => Status: ON]
[2024-10-22 18:53:15]-->[INFO]-->[]
[2024-10-22 18:53:15]-->[INFO]-->[Modul Wettervorhersage => Status: ON]
[2024-10-22 18:54:12]-->[INFO]-->[]
[2024-10-22 18:54:12]-->[INFO]-->[Modul Wettervorhersage => Status: ON]
[2024-10-22 18:54:21]-->[INFO]-->[]
[2024-10-22 18:54:21]-->[INFO]-->[Modul Wettervorhersage => Status: ON]
[2024-10-22 18:54:40]-->[INFO]-->[]
[2024-10-22 18:54:40]-->[INFO]-->[Modul Wettervorhersage => Status: ON]
[2024-10-22 18:54:41]-->[INFO]-->[]
[2024-10-22 18:54:41]-->[INFO]-->[Modul Wettervorhersage => Status: ON]
[2024-10-22 18:54:42]-->[INFO]-->[]
[2024-10-22 18:54:42]-->[INFO]-->[Modul Wettervorhersage => Status: ON]
[2024-10-22 18:54:42]-->[INFO]-->[]
[2024-10-22 18:54:42]-->[INFO]-->[Modul Wettervorhersage => Status: ON]
[2024-10-22 18:57:03]-->[INFO]-->[]
[2024-10-22 18:58:06]-->[INFO]-->[]
[2024-10-22 18:58:06]-->[INFO]-->[Modul Wettervorhersage => Status: ON]
[2024-10-22 19:01:09]-->[INFO]-->[]
[2024-10-22 19:01:11]-->[INFO]-->[]
[2024-10-22 19:01:52]-->[INFO]-->[]
[2024-10-22 19:03:21]-->[INFO]-->[]
[2024-10-22 19:03:34]-->[INFO]-->[]
[2024-10-22 19:05:56]-->[INFO]-->[]
[2024-10-22 19:06:09]-->[INFO]-->[]
[2024-10-22 19:10:27]-->[INFO]-->[]
[2024-10-22 19:11:51]-->[INFO]-->[]
[2024-10-22 19:12:01]-->[INFO]-->[]
[2024-10-22 19:13:47]-->[INFO]-->[]
[2024-10-22 19:14:05]-->[INFO]-->[]
[2024-10-22 19:17:53]-->[INFO]-->[]
[2024-10-22 19:19:45]-->[INFO]-->[]
[2024-10-22 19:20:03]-->[INFO]-->[]
[2024-10-22 19:22:29]-->[INFO]-->[]
[2024-10-22 19:23:57]-->[INFO]-->[]
[2024-10-22 19:27:36]-->[INFO]-->[]
[2024-10-22 19:28:32]-->[INFO]-->[]
[2024-10-22 19:29:23]-->[INFO]-->[]
[2024-10-22 19:29:29]-->[INFO]-->[]
[2024-10-22 19:29:49]-->[INFO]-->[]
[2024-10-22 19:33:40]-->[INFO]-->[]
[2024-10-22 19:34:16]-->[INFO]-->[]
[2024-10-22 19:34:31]-->[INFO]-->[]
[2024-10-22 19:34:47]-->[INFO]-->[]
[2024-10-22 19:36:09]-->[INFO]-->[]
[2024-10-22 19:37:56]-->[INFO]-->[]
[2024-10-22 19:38:11]-->[INFO]-->[]
[2024-10-22 19:38:16]-->[INFO]-->[]
[2024-10-22 19:38:28]-->[INFO]-->[]
[2024-10-22 19:38:38]-->[INFO]-->[]
[2024-10-22 19:39:55]-->[INFO]-->[]
[2024-10-22 19:43:11]-->[INFO]-->[]
[2024-10-22 19:44:40]-->[INFO]-->[]
[2024-10-22 19:44:56]-->[INFO]-->[]
[2024-10-22 19:45:32]-->[INFO]-->[]
[2024-10-22 19:45:54]-->[INFO]-->[]
[2024-10-22 19:47:43]-->[INFO]-->[]
[2024-10-22 19:48:06]-->[INFO]-->[]
[2024-10-22 19:48:32]-->[INFO]-->[]
[2024-10-22 19:48:40]-->[INFO]-->[]
[2024-10-22 19:49:17]-->[INFO]-->[]
[2024-10-22 19:49:29]-->[INFO]-->[]
[2024-10-22 19:50:55]-->[INFO]-->[]
[2024-10-22 19:52:25]-->[INFO]-->[]
